15:26:10 **** Clean-only build of configuration FLASH for project IB_SW_V1 ****
make clean 
Cannot run program "make": Launching failed

Error: Program "make" not found in PATH
PATH=[C:/nxp/MCUXpressoIDE_10.0.2_411/ide/jre/bin/client;C:/nxp/MCUXpressoIDE_10.0.2_411/ide/jre/bin;C:/nxp/MCUXpressoIDE_10.0.2_411/ide/jre/lib/i386;C:\Program Files (x86)\robocopy\;C:\ProgramData\Oracle\Java\javapath;C:\Program Files (x86)\Intel\iCLS Client\;C:\Program Files\Intel\iCLS Client\;C:\windows\system32;C:\windows;C:\windows\System32\Wbem;C:\windows\System32\WindowsPowerShell\v1.0\;c:\Program Files (x86)\HP\HP Performance Advisor;C:\Program Files\Intel\WiFi\bin\;C:\Program Files\Common Files\Intel\WirelessCommon\;C:\Program Files (x86)\Intel\Intel(R) Management Engine Components\DAL;C:\Program Files\Intel\Intel(R) Management Engine Components\DAL;C:\Program Files (x86)\Intel\Intel(R) Management Engine Components\IPT;C:\Program Files\Intel\Intel(R) Management Engine Components\IPT;C:\Program Files (x86)\Altium Designer S09 Viewer\System;C:\Program Files\PuTTY\;C:\Users\JARNOT\Anaconda2;C:\Users\JARNOT\Anaconda2\Scripts;C:\Users\JARNOT\Anaconda2\Library\bin;C:\nxp\MCUXpressoIDE_10.0.2_411\ide;]

**** Build of configuration FLASH for project IB_SW_V1 ****

Nothing to build for project IB_SW_V1
15:27:46 **** Clean-only build of configuration FLASH for project IB_SW_V1 ****
make clean 
Cannot run program "make": Launching failed

Error: Program "make" not found in PATH
PATH=[C:/nxp/MCUXpressoIDE_10.0.2_411/ide/jre/bin/client;C:/nxp/MCUXpressoIDE_10.0.2_411/ide/jre/bin;C:/nxp/MCUXpressoIDE_10.0.2_411/ide/jre/lib/i386;C:\Program Files (x86)\robocopy\;C:\ProgramData\Oracle\Java\javapath;C:\Program Files (x86)\Intel\iCLS Client\;C:\Program Files\Intel\iCLS Client\;C:\windows\system32;C:\windows;C:\windows\System32\Wbem;C:\windows\System32\WindowsPowerShell\v1.0\;c:\Program Files (x86)\HP\HP Performance Advisor;C:\Program Files\Intel\WiFi\bin\;C:\Program Files\Common Files\Intel\WirelessCommon\;C:\Program Files (x86)\Intel\Intel(R) Management Engine Components\DAL;C:\Program Files\Intel\Intel(R) Management Engine Components\DAL;C:\Program Files (x86)\Intel\Intel(R) Management Engine Components\IPT;C:\Program Files\Intel\Intel(R) Management Engine Components\IPT;C:\Program Files (x86)\Altium Designer S09 Viewer\System;C:\Program Files\PuTTY\;C:\Users\JARNOT\Anaconda2;C:\Users\JARNOT\Anaconda2\Scripts;C:\Users\JARNOT\Anaconda2\Library\bin;C:\nxp\MCUXpressoIDE_10.0.2_411\ide;]
15:27:46 **** Clean-only build of configuration FLASH for project IB_SW_V1 ****
make clean 
Cannot run program "make": Launching failed

Error: Program "make" not found in PATH
PATH=[C:/nxp/MCUXpressoIDE_10.0.2_411/ide/jre/bin/client;C:/nxp/MCUXpressoIDE_10.0.2_411/ide/jre/bin;C:/nxp/MCUXpressoIDE_10.0.2_411/ide/jre/lib/i386;C:\Program Files (x86)\robocopy\;C:\ProgramData\Oracle\Java\javapath;C:\Program Files (x86)\Intel\iCLS Client\;C:\Program Files\Intel\iCLS Client\;C:\windows\system32;C:\windows;C:\windows\System32\Wbem;C:\windows\System32\WindowsPowerShell\v1.0\;c:\Program Files (x86)\HP\HP Performance Advisor;C:\Program Files\Intel\WiFi\bin\;C:\Program Files\Common Files\Intel\WirelessCommon\;C:\Program Files (x86)\Intel\Intel(R) Management Engine Components\DAL;C:\Program Files\Intel\Intel(R) Management Engine Components\DAL;C:\Program Files (x86)\Intel\Intel(R) Management Engine Components\IPT;C:\Program Files\Intel\Intel(R) Management Engine Components\IPT;C:\Program Files (x86)\Altium Designer S09 Viewer\System;C:\Program Files\PuTTY\;C:\Users\JARNOT\Anaconda2;C:\Users\JARNOT\Anaconda2\Scripts;C:\Users\JARNOT\Anaconda2\Library\bin;C:\nxp\MCUXpressoIDE_10.0.2_411\ide;]

**** Build of configuration FLASH for project IB_SW_V1 ****

Nothing to build for project IB_SW_V1
15:33:10 **** Clean-only build of configuration FLASH for project IB_SW_V1 ****
make clean 
Cannot run program "make": Launching failed

Error: Program "make" not found in PATH
PATH=[C:/nxp/MCUXpressoIDE_10.0.2_411/ide/jre/bin/client;C:/nxp/MCUXpressoIDE_10.0.2_411/ide/jre/bin;C:/nxp/MCUXpressoIDE_10.0.2_411/ide/jre/lib/i386;C:\Program Files (x86)\robocopy\;C:\ProgramData\Oracle\Java\javapath;C:\Program Files (x86)\Intel\iCLS Client\;C:\Program Files\Intel\iCLS Client\;C:\windows\system32;C:\windows;C:\windows\System32\Wbem;C:\windows\System32\WindowsPowerShell\v1.0\;c:\Program Files (x86)\HP\HP Performance Advisor;C:\Program Files\Intel\WiFi\bin\;C:\Program Files\Common Files\Intel\WirelessCommon\;C:\Program Files (x86)\Intel\Intel(R) Management Engine Components\DAL;C:\Program Files\Intel\Intel(R) Management Engine Components\DAL;C:\Program Files (x86)\Intel\Intel(R) Management Engine Components\IPT;C:\Program Files\Intel\Intel(R) Management Engine Components\IPT;C:\Program Files (x86)\Altium Designer S09 Viewer\System;C:\Program Files\PuTTY\;C:\Users\JARNOT\Anaconda2;C:\Users\JARNOT\Anaconda2\Scripts;C:\Users\JARNOT\Anaconda2\Library\bin;C:\nxp\MCUXpressoIDE_10.0.2_411\ide;]

**** Build of configuration FLASH for project IB_SW_V1 ****

Nothing to build for project IB_SW_V1
